 
****************************************
Report : area
Design : system
Version: O-2018.06
Date   : Tue May  4 21:10:27 2021
****************************************

Library(s) Used:

    slow (File: /usr/cad/CBDK/CBDK_IC_Contest_v2.1/SynopsysDC/db/slow.db)

Number of ports:                         1975
Number of nets:                          8496
Number of cells:                         6247
Number of combinational cells:           5854
Number of sequential cells:               352
Number of macros/black boxes:               0
Number of buf/inv:                       1159
Number of references:                      10

Combinational area:              72618.166669
Buf/Inv area:                     7499.113149
Noncombinational area:           11392.948725
Macro/Black Box area:                0.000000
Net Interconnect area:          683250.109070

Total cell area:                 84011.115394
Total area:                     767261.224464
1
